<?xml version="1.0" encoding="UTF-8"?>
<!-- Generated by org.testng.reporters.JUnitReportReporter -->
<testsuite hostname="FWS-CHE-LT-3909" failures="0" tests="3" name="tests.AmazonTest" time="118.704" errors="0" timestamp="2024-06-14T20:52:27 IST" skipped="0">
  <testcase classname="tests.AmazonTest" name="testSearchAndFilter" time="15.478"/>
  <testcase classname="tests.AmazonTest" name="testAddToCart" time="40.984"/>
  <testcase classname="tests.AmazonTest" name="testRemovefromCart" time="62.242"/>
</testsuite> <!-- tests.AmazonTest -->
