<?xml version="1.0" encoding="UTF-8"?>
<!-- Generated by org.testng.reporters.JUnitReportReporter -->
<testsuite hostname="FWS-CHE-LT-3909" failures="0" tests="1" name="tests.TestMyntra" time="19.973" errors="0" timestamp="2024-07-15T22:49:18 IST" skipped="0">
  <testcase classname="tests.TestMyntra" name="testTShirts" time="19.973"/>
</testsuite> <!-- tests.TestMyntra -->
